<?xml version="1.0" encoding="UTF-8"?>
<testng-results ignored="0" total="4" passed="4" failed="0" skipped="0">
  <reporter-output>
  </reporter-output>
  <suite started-at="2024-06-06T12:47:39 IST" name="Default suite" finished-at="2024-06-06T12:47:53 IST" duration-ms="13122">
    <groups>
    </groups>
    <test started-at="2024-06-06T12:47:39 IST" name="Default test" finished-at="2024-06-06T12:47:53 IST" duration-ms="13122">
      <class name="com.example.bookacar.testcases.Window">
        <test-method is-config="true" signature="setup()[pri:0, instance:com.example.bookacar.testcases.Window@6253c26]" started-at="2024-06-06T12:47:39 IST" name="setup" finished-at="2024-06-06T12:47:42 IST" duration-ms="2841" status="PASS">
          <reporter-output>
          </reporter-output>
        </test-method> <!-- setup -->
        <test-method signature="testWindowSwitch()[pri:1, instance:com.example.bookacar.testcases.Window@6253c26]" started-at="2024-06-06T12:47:42 IST" name="testWindowSwitch" finished-at="2024-06-06T12:47:43 IST" duration-ms="963" status="PASS">
          <reporter-output>
          </reporter-output>
        </test-method> <!-- testWindowSwitch -->
        <test-method signature="testWindowCountAndTabs()[pri:2, instance:com.example.bookacar.testcases.Window@6253c26]" started-at="2024-06-06T12:47:43 IST" name="testWindowCountAndTabs" finished-at="2024-06-06T12:47:45 IST" duration-ms="2098" status="PASS">
          <reporter-output>
          </reporter-output>
        </test-method> <!-- testWindowCountAndTabs -->
        <test-method signature="testCloseWindowsExceptPrimary()[pri:3, instance:com.example.bookacar.testcases.Window@6253c26]" started-at="2024-06-06T12:47:45 IST" name="testCloseWindowsExceptPrimary" finished-at="2024-06-06T12:47:47 IST" duration-ms="1717" status="PASS">
          <reporter-output>
          </reporter-output>
        </test-method> <!-- testCloseWindowsExceptPrimary -->
        <test-method signature="testTwoNewTabToOpen()[pri:4, instance:com.example.bookacar.testcases.Window@6253c26]" started-at="2024-06-06T12:47:47 IST" name="testTwoNewTabToOpen" finished-at="2024-06-06T12:47:52 IST" duration-ms="5253" status="PASS">
          <reporter-output>
          </reporter-output>
        </test-method> <!-- testTwoNewTabToOpen -->
        <test-method is-config="true" signature="teardown()[pri:0, instance:com.example.bookacar.testcases.Window@6253c26]" started-at="2024-06-06T12:47:52 IST" name="teardown" finished-at="2024-06-06T12:47:53 IST" duration-ms="195" status="PASS">
          <reporter-output>
          </reporter-output>
        </test-method> <!-- teardown -->
      </class> <!-- com.example.bookacar.testcases.Window -->
    </test> <!-- Default test -->
  </suite> <!-- Default suite -->
</testng-results>
