<?xml version="1.0" encoding="UTF-8"?>
<!-- Generated by org.testng.reporters.JUnitXMLReporter -->
<testsuite ignored="0" hostname="HTC-L-01282G4" failures="1" tests="2" name="Test" time="9.875" errors="0" timestamp="2024-02-23T09:43:03 IST">
  <testcase classname="com.TimesheetDemo.TestCases.FillInTimesheet" name="launchURL" time="8.408"/>
  <testcase classname="com.TimesheetDemo.TestCases.FillInTimesheet" name="login" time="1.375">
    <failure type="org.testng.internal.reflect.MethodMatcherException" message="
[public void com.TimesheetDemo.TestCases.FillInTimesheet.login(java.lang.String,java.lang.String)] has no parameters defined but was found to be using a data provider (either explicitly specified or inherited from class level annotation).
Data provider mismatch
Method: login([java.lang.String arg0, java.lang.String arg1])
Arguments: [(java.lang.String) ebb7749069a9b5bcda98d89f04d889db,(java.lang.String) MD5,(java.lang.String) DAT]">
      <![CDATA[org.testng.internal.reflect.MethodMatcherException: 
[public void com.TimesheetDemo.TestCases.FillInTimesheet.login(java.lang.String,java.lang.String)] has no parameters defined but was found to be using a data provider (either explicitly specified or inherited from class level annotation).
Data provider mismatch
Method: login([java.lang.String arg0, java.lang.String arg1])
Arguments: [(java.lang.String) ebb7749069a9b5bcda98d89f04d889db,(java.lang.String) MD5,(java.lang.String) DAT]
at java.base/java.util.ArrayList.forEach(ArrayList.java:1511)
... Removed 22 stack frames]]>
    </failure>
  </testcase> <!-- login -->
</testsuite> <!-- Test -->
