<?xml version="1.0" encoding="UTF-8"?>
<testng-results ignored="0" total="7" passed="7" failed="0" skipped="0">
  <reporter-output>
  </reporter-output>
  <suite started-at="2024-05-23T14:50:45 IST" name="Default suite" finished-at="2024-05-23T14:51:09 IST" duration-ms="24328">
    <groups>
    </groups>
    <test started-at="2024-05-23T14:50:45 IST" name="Default test" finished-at="2024-05-23T14:51:09 IST" duration-ms="24328">
      <class name="com.example.bookacar.testcases.Checkbox">
        <test-method is-config="true" signature="setUp()[pri:0, instance:com.example.bookacar.testcases.Checkbox@27462a88]" started-at="2024-05-23T14:50:45 IST" name="setUp" finished-at="2024-05-23T14:50:52 IST" duration-ms="6934" status="PASS">
          <reporter-output>
          </reporter-output>
        </test-method> <!-- setUp -->
        <test-method signature="testCheckboxAndSpanElement()[pri:1, instance:com.example.bookacar.testcases.Checkbox@27462a88]" started-at="2024-05-23T14:50:52 IST" name="testCheckboxAndSpanElement" finished-at="2024-05-23T14:50:53 IST" duration-ms="786" status="PASS">
          <reporter-output>
          </reporter-output>
        </test-method> <!-- testCheckboxAndSpanElement -->
        <test-method signature="CheckboxNotificationCheck()[pri:2, instance:com.example.bookacar.testcases.Checkbox@27462a88]" started-at="2024-05-23T14:50:53 IST" name="CheckboxNotificationCheck" finished-at="2024-05-23T14:50:53 IST" duration-ms="219" status="PASS">
          <reporter-output>
          </reporter-output>
        </test-method> <!-- CheckboxNotificationCheck -->
        <test-method signature="testSelectCourses()[pri:3, instance:com.example.bookacar.testcases.Checkbox@27462a88]" started-at="2024-05-23T14:50:53 IST" name="testSelectCourses" finished-at="2024-05-23T14:50:54 IST" duration-ms="355" status="PASS">
          <reporter-output>
          </reporter-output>
        </test-method> <!-- testSelectCourses -->
        <test-method signature="testClickElement()[pri:4, instance:com.example.bookacar.testcases.Checkbox@27462a88]" started-at="2024-05-23T14:50:54 IST" name="testClickElement" finished-at="2024-05-23T14:51:07 IST" duration-ms="13890" status="PASS">
          <reporter-output>
          </reporter-output>
        </test-method> <!-- testClickElement -->
        <test-method signature="testToggleSwitch()[pri:5, instance:com.example.bookacar.testcases.Checkbox@27462a88]" started-at="2024-05-23T14:51:07 IST" name="testToggleSwitch" finished-at="2024-05-23T14:51:08 IST" duration-ms="633" status="PASS">
          <reporter-output>
          </reporter-output>
        </test-method> <!-- testToggleSwitch -->
        <test-method signature="CheckboxDisabled()[pri:6, instance:com.example.bookacar.testcases.Checkbox@27462a88]" started-at="2024-05-23T14:51:08 IST" name="CheckboxDisabled" finished-at="2024-05-23T14:51:08 IST" duration-ms="24" status="PASS">
          <reporter-output>
          </reporter-output>
        </test-method> <!-- CheckboxDisabled -->
        <test-method signature="MultiSelectCheckboxes()[pri:7, instance:com.example.bookacar.testcases.Checkbox@27462a88]" started-at="2024-05-23T14:51:08 IST" name="MultiSelectCheckboxes" finished-at="2024-05-23T14:51:09 IST" duration-ms="932" status="PASS">
          <reporter-output>
          </reporter-output>
        </test-method> <!-- MultiSelectCheckboxes -->
        <test-method is-config="true" signature="driverClose()[pri:0, instance:com.example.bookacar.testcases.Checkbox@27462a88]" started-at="2024-05-23T14:51:09 IST" name="driverClose" finished-at="2024-05-23T14:51:09 IST" duration-ms="440" status="PASS">
          <reporter-output>
          </reporter-output>
        </test-method> <!-- driverClose -->
      </class> <!-- com.example.bookacar.testcases.Checkbox -->
    </test> <!-- Default test -->
  </suite> <!-- Default suite -->
</testng-results>
