<?xml version="1.0" encoding="UTF-8"?>
<testng-results ignored="0" total="3" passed="2" failed="1" skipped="0">
  <reporter-output>
  </reporter-output>
  <suite started-at="2024-05-16T18:14:20 IST" name="Default suite" finished-at="2024-05-16T18:14:32 IST" duration-ms="11744">
    <groups>
    </groups>
    <test started-at="2024-05-16T18:14:20 IST" name="Default test" finished-at="2024-05-16T18:14:32 IST" duration-ms="11744">
      <class name="com.example.bookacar.testcases.TestLeaf">
        <test-method is-config="true" signature="setUp()[pri:0, instance:com.example.bookacar.testcases.TestLeaf@51e69659]" started-at="2024-05-16T18:14:20 IST" name="setUp" finished-at="2024-05-16T18:14:27 IST" duration-ms="6836" status="PASS">
          <reporter-output>
          </reporter-output>
        </test-method> <!-- setUp -->
        <test-method signature="testRedirectToWebsite()[pri:0, instance:com.example.bookacar.testcases.TestLeaf@51e69659]" started-at="2024-05-16T18:14:27 IST" name="testRedirectToWebsite" finished-at="2024-05-16T18:14:27 IST" duration-ms="92" status="PASS">
          <reporter-output>
          </reporter-output>
        </test-method> <!-- testRedirectToWebsite -->
        <test-method signature="selectMonospaceOptionAndVerify()[pri:1, instance:com.example.bookacar.testcases.TestLeaf@51e69659]" started-at="2024-05-16T18:14:27 IST" name="selectMonospaceOptionAndVerify" finished-at="2024-05-16T18:14:28 IST" duration-ms="467" status="PASS">
          <reporter-output>
          </reporter-output>
        </test-method> <!-- selectMonospaceOptionAndVerify -->
        <test-method signature="selectHugeOptionAndVerify()[pri:2, instance:com.example.bookacar.testcases.TestLeaf@51e69659]" started-at="2024-05-16T18:14:28 IST" name="selectHugeOptionAndVerify" finished-at="2024-05-16T18:14:32 IST" duration-ms="4279" status="FAIL">
          <exception class="java.lang.AssertionError">
            <message>
              <![CDATA[The font size is not huge expected [32.5px] but found [13px]]]>
            </message>
            <full-stacktrace>
              <![CDATA[java.lang.AssertionError: The font size is not huge expected [32.5px] but found [13px]
at org.testng.Assert.fail(Assert.java:99)
at org.testng.Assert.failNotEquals(Assert.java:1037)
at org.testng.Assert.assertEqualsImpl(Assert.java:140)
at org.testng.Assert.assertEquals(Assert.java:122)
at org.testng.Assert.assertEquals(Assert.java:629)
at com.example.bookacar.testcases.TestLeaf.selectHugeOptionAndVerify(TestLeaf.java:237)
at java.base/jdk.internal.reflect.NativeMethodAccessorImpl.invoke0(Native Method)
at java.base/jdk.internal.reflect.NativeMethodAccessorImpl.invoke(NativeMethodAccessorImpl.java:77)
at java.base/jdk.internal.reflect.DelegatingMethodAccessorImpl.invoke(DelegatingMethodAccessorImpl.java:43)
at java.base/java.lang.reflect.Method.invoke(Method.java:568)
at org.testng.internal.MethodInvocationHelper.invokeMethod(MethodInvocationHelper.java:133)
at org.testng.internal.TestInvoker.invokeMethod(TestInvoker.java:598)
at org.testng.internal.TestInvoker.invokeTestMethod(TestInvoker.java:173)
at org.testng.internal.MethodRunner.runInSequence(MethodRunner.java:46)
at org.testng.internal.TestInvoker$MethodInvocationAgent.invoke(TestInvoker.java:824)
at org.testng.internal.TestInvoker.invokeTestMethods(TestInvoker.java:146)
at org.testng.internal.TestMethodWorker.invokeTestMethods(TestMethodWorker.java:146)
at org.testng.internal.TestMethodWorker.run(TestMethodWorker.java:128)
at java.base/java.util.ArrayList.forEach(ArrayList.java:1511)
at org.testng.TestRunner.privateRun(TestRunner.java:794)
at org.testng.TestRunner.run(TestRunner.java:596)
at org.testng.SuiteRunner.runTest(SuiteRunner.java:377)
at org.testng.SuiteRunner.runSequentially(SuiteRunner.java:371)
at org.testng.SuiteRunner.privateRun(SuiteRunner.java:332)
at org.testng.SuiteRunner.run(SuiteRunner.java:276)
at org.testng.SuiteRunnerWorker.runSuite(SuiteRunnerWorker.java:53)
at org.testng.SuiteRunnerWorker.run(SuiteRunnerWorker.java:96)
at org.testng.TestNG.runSuitesSequentially(TestNG.java:1212)
at org.testng.TestNG.runSuitesLocally(TestNG.java:1134)
at org.testng.TestNG.runSuites(TestNG.java:1063)
at org.testng.TestNG.run(TestNG.java:1031)
at org.testng.remote.AbstractRemoteTestNG.run(AbstractRemoteTestNG.java:115)
at org.testng.remote.RemoteTestNG.initAndRun(RemoteTestNG.java:293)
at org.testng.remote.RemoteTestNG.main(RemoteTestNG.java:91)
]]>
            </full-stacktrace>
          </exception> <!-- java.lang.AssertionError -->
          <reporter-output>
          </reporter-output>
        </test-method> <!-- selectHugeOptionAndVerify -->
      </class> <!-- com.example.bookacar.testcases.TestLeaf -->
    </test> <!-- Default test -->
  </suite> <!-- Default suite -->
</testng-results>
