<?xml version="1.0" encoding="UTF-8"?>
<!-- Generated by org.testng.reporters.JUnitXMLReporter -->
<testsuite ignored="0" hostname="HTC-D-CQX99R2" failures="0" tests="5" name="Default test" time="5.345" errors="0" timestamp="2024-06-10T12:49:13 IST">
  <testcase classname="com.example.bookacar.testcases.Alerts" name="SimpleDialogAlert" time="0.794"/>
  <testcase classname="com.example.bookacar.testcases.Alerts" name="ConfirmDialogAlert" time="0.62"/>
  <testcase classname="com.example.bookacar.testcases.Alerts" name="testSweetModalDialog" time="0.471"/>
  <testcase classname="com.example.bookacar.testcases.Alerts" name="testPromplDialog" time="0.379"/>
  <testcase classname="com.example.bookacar.testcases.Alerts" name="testSweetAlertConfirmation" time="0.284"/>
</testsuite> <!-- Default test -->
