<?xml version="1.0" encoding="UTF-8"?>
<!-- Generated by org.testng.reporters.JUnitXMLReporter -->
<testsuite ignored="0" hostname="HTC-D-CQX99R2" failures="0" tests="3" name="Default test" time="5.238" errors="0" timestamp="2024-05-20T16:05:14 IST">
  <testcase classname="com.example.bookacar.testcases.TestLeaf" name="testRedirectToWebsite" time="0.035"/>
  <testcase classname="com.example.bookacar.testcases.TestLeaf" name="selectMonospaceOptionAndVerify" time="0.35"/>
  <testcase classname="com.example.bookacar.testcases.TestLeaf" name="typeNumberAndConfirmSliderMoves" time="1.198"/>
</testsuite> <!-- Default test -->
